$ next build
critters dependency not found; disabling experimental.optimizeCss. Install `critters` to re-enable.
   ▲ Next.js 16.0.1 (Turbopack)
   - Environments: .env.local, .env
   - Experiments (use with caution):
     ✓ scrollRestoration

 ⚠ The "middleware" file convention is deprecated. Please use "proxy" instead. Learn more: https://nextjs.org/docs/messages/middleware-to-proxy
   Creating an optimized production build ...
critters dependency not found; disabling experimental.optimizeCss. Install `critters` to re-enable.
 ✓ Compiled successfully in 48s
   Running TypeScript ...

   We detected TypeScript in your project and reconfigured your tsconfig.json file for you.
   The following suggested values were added to your tsconfig.json. These values can be changed to fit your project's needs:

   	- include was updated to add '.next/dev/types/**/*.ts'

   The following mandatory changes were made to your tsconfig.json:

   	- jsx was set to react-jsx (next.js uses the React automatic runtime)

   Collecting page data ...
   Generating static pages (0/38) ...
Error occurred prerendering page "/_not-found". Read more: https://nextjs.org/docs/messages/prerender-error
Error: @clerk/clerk-react: The publishableKey passed to Clerk is invalid. You can get your Publishable key at https://dashboard.clerk.com/last-active?path=api-keys. (key=pk_test_your-clerk-publishable-key-here)
    at ignore-listed frames {
  digest: '808127650'
}
Export encountered an error on /_not-found/page: /_not-found, exiting the build.
 ⨯ Next.js build worker exited with code: 1 and signal: null
error: script "build" exited with code 1
